<?xml version="1.0" encoding="UTF-8"?>
<coverage generated="1618859173537" clover="3.2.0">
  <project timestamp="1618859173537" name="All files">
    <metrics statements="169" coveredstatements="159" conditionals="72" coveredconditionals="72" methods="73" coveredmethods="68" elements="314" coveredelements="299" complexity="0" loc="169" ncloc="169" packages="14" files="24" classes="24"/>
    <package name="api">
      <metrics statements="9" coveredstatements="9" conditionals="0" coveredconditionals="0" methods="7" coveredmethods="5"/>
      <file name="index.ts" path="C:\Users\Viachaslau_Torchyk\Desktop\React Mentoring Programm\React-GMP-2021Q1\src\api\index.ts">
        <metrics statements="9" coveredstatements="9" conditionals="0" coveredconditionals="0" methods="7" coveredmethods="5"/>
        <line num="3" count="1" type="stmt"/>
        <line num="4" count="1" type="stmt"/>
        <line num="6" count="1" type="stmt"/>
        <line num="11" count="3" type="stmt"/>
        <line num="13" count="3" type="stmt"/>
        <line num="15" count="1" type="stmt"/>
        <line num="17" count="1" type="stmt"/>
        <line num="23" count="1" type="stmt"/>
        <line num="29" count="1" type="stmt"/>
      </file>
    </package>
    <package name="components.Button">
      <metrics statements="2" coveredstatements="2" conditionals="2" coveredconditionals="2" methods="1" coveredmethods="1"/>
      <file name="Button.tsx" path="C:\Users\Viachaslau_Torchyk\Desktop\React Mentoring Programm\React-GMP-2021Q1\src\components\Button\Button.tsx">
        <metrics statements="2" coveredstatements="2" conditionals="2" coveredconditionals="2" methods="1" coveredmethods="1"/>
        <line num="12" count="2" type="stmt"/>
        <line num="13" count="727" type="stmt"/>
      </file>
      <file name="index.ts" path="C:\Users\Viachaslau_Torchyk\Desktop\React Mentoring Programm\React-GMP-2021Q1\src\components\Button\index.ts">
        <metrics statements="0" coveredstatements="0" conditionals="0" coveredconditionals="0" methods="0" coveredmethods="0"/>
      </file>
    </package>
    <package name="components.CardDetails">
      <metrics statements="7" coveredstatements="7" conditionals="2" coveredconditionals="2" methods="3" coveredmethods="3"/>
      <file name="CardDetails.tsx" path="C:\Users\Viachaslau_Torchyk\Desktop\React Mentoring Programm\React-GMP-2021Q1\src\components\CardDetails\CardDetails.tsx">
        <metrics statements="7" coveredstatements="7" conditionals="2" coveredconditionals="2" methods="3" coveredmethods="3"/>
        <line num="9" count="1" type="stmt"/>
        <line num="10" count="1" type="stmt"/>
        <line num="11" count="1" type="stmt"/>
        <line num="12" count="1" type="stmt"/>
        <line num="13" count="1" type="stmt"/>
        <line num="16" count="3" type="stmt"/>
        <line num="18" count="1" type="stmt"/>
      </file>
    </package>
    <package name="components.Footer">
      <metrics statements="2" coveredstatements="2" conditionals="0" coveredconditionals="0" methods="1" coveredmethods="1"/>
      <file name="Footer.tsx" path="C:\Users\Viachaslau_Torchyk\Desktop\React Mentoring Programm\React-GMP-2021Q1\src\components\Footer\Footer.tsx">
        <metrics statements="2" coveredstatements="2" conditionals="0" coveredconditionals="0" methods="1" coveredmethods="1"/>
        <line num="5" count="1" type="stmt"/>
        <line num="6" count="1" type="stmt"/>
      </file>
    </package>
    <package name="components.Logo">
      <metrics statements="2" coveredstatements="2" conditionals="0" coveredconditionals="0" methods="1" coveredmethods="1"/>
      <file name="Logo.tsx" path="C:\Users\Viachaslau_Torchyk\Desktop\React Mentoring Programm\React-GMP-2021Q1\src\components\Logo\Logo.tsx">
        <metrics statements="2" coveredstatements="2" conditionals="0" coveredconditionals="0" methods="1" coveredmethods="1"/>
        <line num="4" count="2" type="stmt"/>
        <line num="5" count="2" type="stmt"/>
      </file>
      <file name="index.ts" path="C:\Users\Viachaslau_Torchyk\Desktop\React Mentoring Programm\React-GMP-2021Q1\src\components\Logo\index.ts">
        <metrics statements="0" coveredstatements="0" conditionals="0" coveredconditionals="0" methods="0" coveredmethods="0"/>
      </file>
    </package>
    <package name="components.Modal">
      <metrics statements="30" coveredstatements="30" conditionals="43" coveredconditionals="43" methods="13" coveredmethods="13"/>
      <file name="Modal.tsx" path="C:\Users\Viachaslau_Torchyk\Desktop\React Mentoring Programm\React-GMP-2021Q1\src\components\Modal\Modal.tsx">
        <metrics statements="30" coveredstatements="30" conditionals="43" coveredconditionals="43" methods="13" coveredmethods="13"/>
        <line num="27" count="1" type="stmt"/>
        <line num="42" count="1" type="stmt"/>
        <line num="43" count="56" type="stmt"/>
        <line num="44" count="56" type="stmt"/>
        <line num="45" count="26" type="cond" truecount="4" falsecount="0"/>
        <line num="47" count="26" type="stmt"/>
        <line num="48" count="26" type="stmt"/>
        <line num="49" count="26" type="cond" truecount="2" falsecount="0"/>
        <line num="50" count="12" type="stmt"/>
        <line num="52" count="14" type="stmt"/>
        <line num="54" count="26" type="stmt"/>
        <line num="55" count="26" type="stmt"/>
        <line num="59" count="26" type="stmt"/>
        <line num="60" count="26" type="stmt"/>
        <line num="61" count="26" type="stmt"/>
        <line num="62" count="26" type="stmt"/>
        <line num="63" count="26" type="stmt"/>
        <line num="64" count="26" type="stmt"/>
        <line num="84" count="3" type="cond" truecount="3" falsecount="0"/>
        <line num="86" count="1" type="stmt"/>
        <line num="87" count="1" type="stmt"/>
        <line num="88" count="1" type="stmt"/>
        <line num="90" count="1" type="stmt"/>
        <line num="91" count="1" type="stmt"/>
        <line num="92" count="1" type="stmt"/>
        <line num="94" count="1" type="stmt"/>
        <line num="95" count="1" type="stmt"/>
        <line num="96" count="1" type="stmt"/>
        <line num="102" count="328" type="stmt"/>
        <line num="124" count="3" type="stmt"/>
      </file>
    </package>
    <package name="components.Modal.components.CheckboxSelect">
      <metrics statements="8" coveredstatements="8" conditionals="4" coveredconditionals="4" methods="5" coveredmethods="5"/>
      <file name="CheckboxSelect.tsx" path="C:\Users\Viachaslau_Torchyk\Desktop\React Mentoring Programm\React-GMP-2021Q1\src\components\Modal\components\CheckboxSelect\CheckboxSelect.tsx">
        <metrics statements="8" coveredstatements="8" conditionals="4" coveredconditionals="4" methods="5" coveredmethods="5"/>
        <line num="16" count="1" type="stmt"/>
        <line num="25" count="239" type="stmt"/>
        <line num="34" count="9" type="stmt"/>
        <line num="41" count="148" type="stmt"/>
        <line num="43" count="740" type="stmt"/>
        <line num="51" count="3" type="cond" truecount="2" falsecount="0"/>
        <line num="53" count="1" type="stmt"/>
        <line num="54" count="1" type="stmt"/>
      </file>
      <file name="index.ts" path="C:\Users\Viachaslau_Torchyk\Desktop\React Mentoring Programm\React-GMP-2021Q1\src\components\Modal\components\CheckboxSelect\index.ts">
        <metrics statements="0" coveredstatements="0" conditionals="0" coveredconditionals="0" methods="0" coveredmethods="0"/>
      </file>
    </package>
    <package name="components.Modal.components.FormInputField">
      <metrics statements="3" coveredstatements="3" conditionals="6" coveredconditionals="6" methods="1" coveredmethods="1"/>
      <file name="FormInputField.tsx" path="C:\Users\Viachaslau_Torchyk\Desktop\React Mentoring Programm\React-GMP-2021Q1\src\components\Modal\components\FormInputField\FormInputField.tsx">
        <metrics statements="3" coveredstatements="3" conditionals="6" coveredconditionals="6" methods="1" coveredmethods="1"/>
        <line num="13" count="1" type="stmt"/>
        <line num="14" count="2394" type="stmt"/>
        <line num="15" count="2394" type="stmt"/>
      </file>
      <file name="index.ts" path="C:\Users\Viachaslau_Torchyk\Desktop\React Mentoring Programm\React-GMP-2021Q1\src\components\Modal\components\FormInputField\index.ts">
        <metrics statements="0" coveredstatements="0" conditionals="0" coveredconditionals="0" methods="0" coveredmethods="0"/>
      </file>
    </package>
    <package name="components.NotFound">
      <metrics statements="2" coveredstatements="2" conditionals="0" coveredconditionals="0" methods="1" coveredmethods="1"/>
      <file name="NotFound.tsx" path="C:\Users\Viachaslau_Torchyk\Desktop\React Mentoring Programm\React-GMP-2021Q1\src\components\NotFound\NotFound.tsx">
        <metrics statements="2" coveredstatements="2" conditionals="0" coveredconditionals="0" methods="1" coveredmethods="1"/>
        <line num="6" count="1" type="stmt"/>
        <line num="7" count="1" type="stmt"/>
      </file>
    </package>
    <package name="components.Poster">
      <metrics statements="7" coveredstatements="7" conditionals="0" coveredconditionals="0" methods="3" coveredmethods="3"/>
      <file name="Poster.tsx" path="C:\Users\Viachaslau_Torchyk\Desktop\React Mentoring Programm\React-GMP-2021Q1\src\components\Poster\Poster.tsx">
        <metrics statements="7" coveredstatements="7" conditionals="0" coveredconditionals="0" methods="3" coveredmethods="3"/>
        <line num="3" count="2" type="stmt"/>
        <line num="10" count="2" type="stmt"/>
        <line num="14" count="4" type="stmt"/>
        <line num="16" count="4" type="stmt"/>
        <line num="17" count="3" type="stmt"/>
        <line num="20" count="4" type="stmt"/>
        <line num="24" count="1" type="stmt"/>
      </file>
      <file name="index.ts" path="C:\Users\Viachaslau_Torchyk\Desktop\React Mentoring Programm\React-GMP-2021Q1\src\components\Poster\index.ts">
        <metrics statements="0" coveredstatements="0" conditionals="0" coveredconditionals="0" methods="0" coveredmethods="0"/>
      </file>
    </package>
    <package name="redux">
      <metrics statements="5" coveredstatements="5" conditionals="0" coveredconditionals="0" methods="1" coveredmethods="1"/>
      <file name="configureStore.ts" path="C:\Users\Viachaslau_Torchyk\Desktop\React Mentoring Programm\React-GMP-2021Q1\src\redux\configureStore.ts">
        <metrics statements="5" coveredstatements="5" conditionals="0" coveredconditionals="0" methods="1" coveredmethods="1"/>
        <line num="7" count="1" type="stmt"/>
        <line num="8" count="10" type="stmt"/>
        <line num="10" count="10" type="stmt"/>
        <line num="15" count="10" type="stmt"/>
        <line num="17" count="10" type="stmt"/>
      </file>
    </package>
    <package name="redux.actions">
      <metrics statements="26" coveredstatements="26" conditionals="0" coveredconditionals="0" methods="13" coveredmethods="13"/>
      <file name="index.ts" path="C:\Users\Viachaslau_Torchyk\Desktop\React Mentoring Programm\React-GMP-2021Q1\src\redux\actions\index.ts">
        <metrics statements="13" coveredstatements="13" conditionals="0" coveredconditionals="0" methods="13" coveredmethods="13"/>
        <line num="4" count="3" type="stmt"/>
        <line num="8" count="5" type="stmt"/>
        <line num="13" count="3" type="stmt"/>
        <line num="18" count="3" type="stmt"/>
        <line num="23" count="3" type="stmt"/>
        <line num="28" count="3" type="stmt"/>
        <line num="33" count="3" type="stmt"/>
        <line num="38" count="3" type="stmt"/>
        <line num="43" count="3" type="stmt"/>
        <line num="49" count="3" type="stmt"/>
        <line num="54" count="3" type="stmt"/>
        <line num="59" count="10" type="stmt"/>
        <line num="64" count="5" type="stmt"/>
      </file>
      <file name="types.ts" path="C:\Users\Viachaslau_Torchyk\Desktop\React Mentoring Programm\React-GMP-2021Q1\src\redux\actions\types.ts">
        <metrics statements="13" coveredstatements="13" conditionals="0" coveredconditionals="0" methods="0" coveredmethods="0"/>
        <line num="1" count="4" type="stmt"/>
        <line num="2" count="4" type="stmt"/>
        <line num="3" count="4" type="stmt"/>
        <line num="4" count="4" type="stmt"/>
        <line num="5" count="4" type="stmt"/>
        <line num="6" count="4" type="stmt"/>
        <line num="7" count="4" type="stmt"/>
        <line num="8" count="4" type="stmt"/>
        <line num="9" count="4" type="stmt"/>
        <line num="10" count="4" type="stmt"/>
        <line num="11" count="4" type="stmt"/>
        <line num="12" count="4" type="stmt"/>
        <line num="13" count="4" type="stmt"/>
      </file>
    </package>
    <package name="redux.reducers">
      <metrics statements="26" coveredstatements="26" conditionals="15" coveredconditionals="15" methods="3" coveredmethods="3"/>
      <file name="index.ts" path="C:\Users\Viachaslau_Torchyk\Desktop\React Mentoring Programm\React-GMP-2021Q1\src\redux\reducers\index.ts">
        <metrics statements="1" coveredstatements="1" conditionals="0" coveredconditionals="0" methods="0" coveredmethods="0"/>
        <line num="5" count="1" type="stmt"/>
      </file>
      <file name="modalReducer.ts" path="C:\Users\Viachaslau_Torchyk\Desktop\React Mentoring Programm\React-GMP-2021Q1\src\redux\reducers\modalReducer.ts">
        <metrics statements="6" coveredstatements="6" conditionals="4" coveredconditionals="4" methods="1" coveredmethods="1"/>
        <line num="3" count="2" type="stmt"/>
        <line num="9" count="2" type="cond" truecount="1" falsecount="0"/>
        <line num="10" count="35" type="cond" truecount="3" falsecount="0"/>
        <line num="12" count="10" type="stmt"/>
        <line num="18" count="5" type="stmt"/>
        <line num="24" count="20" type="stmt"/>
      </file>
      <file name="moviesReducer.ts" path="C:\Users\Viachaslau_Torchyk\Desktop\React Mentoring Programm\React-GMP-2021Q1\src\redux\reducers\moviesReducer.ts">
        <metrics statements="19" coveredstatements="19" conditionals="11" coveredconditionals="11" methods="2" coveredmethods="2"/>
        <line num="3" count="2" type="stmt"/>
        <line num="25" count="2" type="cond" truecount="1" falsecount="0"/>
        <line num="26" count="41" type="cond" truecount="8" falsecount="0"/>
        <line num="28" count="1" type="stmt"/>
        <line num="30" count="5" type="stmt"/>
        <line num="37" count="1" type="stmt"/>
        <line num="42" count="1" type="stmt"/>
        <line num="44" count="1" type="stmt"/>
        <line num="46" count="1" type="stmt"/>
        <line num="54" count="2" type="stmt"/>
        <line num="55" count="2" type="cond" truecount="2" falsecount="0"/>
        <line num="56" count="1" type="stmt"/>
        <line num="58" count="1" type="stmt"/>
        <line num="59" count="1" type="stmt"/>
        <line num="60" count="1" type="stmt"/>
        <line num="62" count="1" type="stmt"/>
        <line num="63" count="1" type="stmt"/>
        <line num="65" count="2" type="stmt"/>
        <line num="72" count="29" type="stmt"/>
      </file>
    </package>
    <package name="redux.sagas">
      <metrics statements="40" coveredstatements="30" conditionals="0" coveredconditionals="0" methods="20" coveredmethods="17"/>
      <file name="index.ts" path="C:\Users\Viachaslau_Torchyk\Desktop\React Mentoring Programm\React-GMP-2021Q1\src\redux\sagas\index.ts">
        <metrics statements="1" coveredstatements="1" conditionals="0" coveredconditionals="0" methods="1" coveredmethods="1"/>
        <line num="7" count="10" type="stmt"/>
      </file>
      <file name="loginSaga.ts" path="C:\Users\Viachaslau_Torchyk\Desktop\React Mentoring Programm\React-GMP-2021Q1\src\redux\sagas\loginSaga.ts">
        <metrics statements="2" coveredstatements="2" conditionals="0" coveredconditionals="0" methods="3" coveredmethods="2"/>
        <line num="6" count="10" type="stmt"/>
        <line num="10" count="10" type="stmt"/>
      </file>
      <file name="moviesSaga.ts" path="C:\Users\Viachaslau_Torchyk\Desktop\React Mentoring Programm\React-GMP-2021Q1\src\redux\sagas\moviesSaga.ts">
        <metrics statements="37" coveredstatements="27" conditionals="0" coveredconditionals="0" methods="16" coveredmethods="14"/>
        <line num="8" count="3" type="stmt"/>
        <line num="9" count="3" type="stmt"/>
        <line num="10" count="3" type="stmt"/>
        <line num="11" count="3" type="stmt"/>
        <line num="12" count="3" type="stmt"/>
        <line num="14" count="18" type="stmt"/>
        <line num="15" count="0" type="stmt"/>
        <line num="17" count="3" type="stmt"/>
        <line num="18" count="0" type="stmt"/>
        <line num="20" count="3" type="stmt"/>
        <line num="25" count="0" type="stmt"/>
        <line num="26" count="0" type="stmt"/>
        <line num="27" count="0" type="stmt"/>
        <line num="28" count="0" type="stmt"/>
        <line num="30" count="0" type="stmt"/>
        <line num="35" count="1" type="stmt"/>
        <line num="36" count="1" type="stmt"/>
        <line num="37" count="1" type="stmt"/>
        <line num="38" count="1" type="stmt"/>
        <line num="39" count="1" type="stmt"/>
        <line num="41" count="0" type="stmt"/>
        <line num="46" count="1" type="stmt"/>
        <line num="47" count="1" type="stmt"/>
        <line num="48" count="1" type="stmt"/>
        <line num="49" count="1" type="stmt"/>
        <line num="51" count="0" type="stmt"/>
        <line num="56" count="1" type="stmt"/>
        <line num="57" count="1" type="stmt"/>
        <line num="58" count="1" type="stmt"/>
        <line num="59" count="1" type="stmt"/>
        <line num="61" count="0" type="stmt"/>
        <line num="66" count="10" type="stmt"/>
        <line num="70" count="10" type="stmt"/>
        <line num="74" count="10" type="stmt"/>
        <line num="78" count="10" type="stmt"/>
        <line num="82" count="10" type="stmt"/>
        <line num="86" count="10" type="stmt"/>
      </file>
    </package>
  </project>
</coverage>
