{"C:\\Users\\Viachaslau_Torchyk\\Desktop\\React Mentoring Programm\\React-GMP-2021Q1\\src\\api\\index.ts": {"path":"C:\\Users\\Viachaslau_Torchyk\\Desktop\\React Mentoring Programm\\React-GMP-2021Q1\\src\\api\\index.ts","statementMap":{"0":{"start":{"line":3,"column":16},"end":{"line":3,"column":46}},"1":{"start":{"line":4,"column":19},"end":{"line":4,"column":60}},"2":{"start":{"line":6,"column":38},"end":{"line":13,"column":39}},"3":{"start":{"line":11,"column":2},"end":{"line":13,"column":39}},"4":{"start":{"line":13,"column":23},"end":{"line":13,"column":38}},"5":{"start":{"line":15,"column":28},"end":{"line":15,"column":105}},"6":{"start":{"line":15,"column":44},"end":{"line":15,"column":105}},"7":{"start":{"line":15,"column":89},"end":{"line":15,"column":104}},"8":{"start":{"line":17,"column":27},"end":{"line":21,"column":2}},"9":{"start":{"line":17,"column":61},"end":{"line":21,"column":2}},"10":{"start":{"line":23,"column":27},"end":{"line":27,"column":2}},"11":{"start":{"line":23,"column":52},"end":{"line":27,"column":2}},"12":{"start":{"line":29,"column":27},"end":{"line":31,"column":2}},"13":{"start":{"line":29,"column":43},"end":{"line":31,"column":2}}},"fnMap":{"0":{"name":"(anonymous_0)","decl":{"start":{"line":6,"column":38},"end":{"line":6,"column":39}},"loc":{"start":{"line":11,"column":2},"end":{"line":13,"column":39}},"line":11},"1":{"name":"(anonymous_1)","decl":{"start":{"line":13,"column":9},"end":{"line":13,"column":10}},"loc":{"start":{"line":13,"column":23},"end":{"line":13,"column":38}},"line":13},"2":{"name":"(anonymous_2)","decl":{"start":{"line":15,"column":28},"end":{"line":15,"column":29}},"loc":{"start":{"line":15,"column":44},"end":{"line":15,"column":105}},"line":15},"3":{"name":"(anonymous_3)","decl":{"start":{"line":15,"column":75},"end":{"line":15,"column":76}},"loc":{"start":{"line":15,"column":89},"end":{"line":15,"column":104}},"line":15},"4":{"name":"(anonymous_4)","decl":{"start":{"line":17,"column":27},"end":{"line":17,"column":28}},"loc":{"start":{"line":17,"column":61},"end":{"line":21,"column":2}},"line":17},"5":{"name":"(anonymous_5)","decl":{"start":{"line":23,"column":27},"end":{"line":23,"column":28}},"loc":{"start":{"line":23,"column":52},"end":{"line":27,"column":2}},"line":23},"6":{"name":"(anonymous_6)","decl":{"start":{"line":29,"column":27},"end":{"line":29,"column":28}},"loc":{"start":{"line":29,"column":43},"end":{"line":31,"column":2}},"line":29}},"branchMap":{},"s":{"0":1,"1":1,"2":1,"3":3,"4":3,"5":1,"6":0,"7":0,"8":1,"9":1,"10":1,"11":1,"12":1,"13":1},"f":{"0":3,"1":3,"2":0,"3":0,"4":1,"5":1,"6":1},"b":{},"_coverageSchema":"1a1c01bbd47fc00a2c39e90264f33305004495a9","hash":"261e11221719277b199ab088b9ffe2cc69c385fd"}
,"C:\\Users\\Viachaslau_Torchyk\\Desktop\\React Mentoring Programm\\React-GMP-2021Q1\\src\\components\\Button\\Button.tsx": {"path":"C:\\Users\\Viachaslau_Torchyk\\Desktop\\React Mentoring Programm\\React-GMP-2021Q1\\src\\components\\Button\\Button.tsx","statementMap":{"0":{"start":{"line":12,"column":15},"end":{"line":18,"column":1}},"1":{"start":{"line":13,"column":2},"end":{"line":17,"column":4}}},"fnMap":{"0":{"name":"(anonymous_0)","decl":{"start":{"line":12,"column":15},"end":{"line":12,"column":16}},"loc":{"start":{"line":12,"column":84},"end":{"line":18,"column":1}},"line":12}},"branchMap":{"0":{"loc":{"start":{"line":14,"column":67},"end":{"line":14,"column":83}},"type":"binary-expr","locations":[{"start":{"line":14,"column":67},"end":{"line":14,"column":71}},{"start":{"line":14,"column":75},"end":{"line":14,"column":83}}],"line":14}},"s":{"0":2,"1":727},"f":{"0":727},"b":{"0":[727,245]},"_coverageSchema":"1a1c01bbd47fc00a2c39e90264f33305004495a9","hash":"e9be92e42401273798511c90f78fea5f15641119"}
,"C:\\Users\\Viachaslau_Torchyk\\Desktop\\React Mentoring Programm\\React-GMP-2021Q1\\src\\components\\Button\\index.ts": {"path":"C:\\Users\\Viachaslau_Torchyk\\Desktop\\React Mentoring Programm\\React-GMP-2021Q1\\src\\components\\Button\\index.ts","statementMap":{},"fnMap":{},"branchMap":{},"s":{},"f":{},"b":{},"_coverageSchema":"1a1c01bbd47fc00a2c39e90264f33305004495a9","hash":"633244be90000d729b6f9cc33bfe7e4085b5a422"}
,"C:\\Users\\Viachaslau_Torchyk\\Desktop\\React Mentoring Programm\\React-GMP-2021Q1\\src\\components\\CardDetails\\CardDetails.tsx": {"path":"C:\\Users\\Viachaslau_Torchyk\\Desktop\\React Mentoring Programm\\React-GMP-2021Q1\\src\\components\\CardDetails\\CardDetails.tsx","statementMap":{"0":{"start":{"line":9,"column":20},"end":{"line":39,"column":1}},"1":{"start":{"line":10,"column":33},"end":{"line":10,"column":44}},"2":{"start":{"line":11,"column":19},"end":{"line":11,"column":32}},"3":{"start":{"line":12,"column":2},"end":{"line":14,"column":11}},"4":{"start":{"line":13,"column":4},"end":{"line":13,"column":43}},"5":{"start":{"line":16,"column":34},"end":{"line":16,"column":80}},"6":{"start":{"line":16,"column":67},"end":{"line":16,"column":79}},"7":{"start":{"line":18,"column":2},"end":{"line":38,"column":4}}},"fnMap":{"0":{"name":"(anonymous_0)","decl":{"start":{"line":9,"column":20},"end":{"line":9,"column":21}},"loc":{"start":{"line":9,"column":26},"end":{"line":39,"column":1}},"line":9},"1":{"name":"(anonymous_1)","decl":{"start":{"line":12,"column":12},"end":{"line":12,"column":13}},"loc":{"start":{"line":12,"column":18},"end":{"line":14,"column":3}},"line":12},"2":{"name":"(anonymous_2)","decl":{"start":{"line":16,"column":46},"end":{"line":16,"column":47}},"loc":{"start":{"line":16,"column":67},"end":{"line":16,"column":79}},"line":16}},"branchMap":{"0":{"loc":{"start":{"line":20,"column":7},"end":{"line":36,"column":7}},"type":"binary-expr","locations":[{"start":{"line":20,"column":7},"end":{"line":20,"column":11}},{"start":{"line":21,"column":8},"end":{"line":35,"column":11}}],"line":20}},"s":{"0":1,"1":1,"2":1,"3":1,"4":1,"5":1,"6":3,"7":1},"f":{"0":1,"1":1,"2":3},"b":{"0":[1,1]},"_coverageSchema":"1a1c01bbd47fc00a2c39e90264f33305004495a9","hash":"a745e36cbc1d810648bbd9f5b128c094ab96d510"}
,"C:\\Users\\Viachaslau_Torchyk\\Desktop\\React Mentoring Programm\\React-GMP-2021Q1\\src\\components\\Footer\\Footer.tsx": {"path":"C:\\Users\\Viachaslau_Torchyk\\Desktop\\React Mentoring Programm\\React-GMP-2021Q1\\src\\components\\Footer\\Footer.tsx","statementMap":{"0":{"start":{"line":5,"column":15},"end":{"line":11,"column":1}},"1":{"start":{"line":6,"column":2},"end":{"line":10,"column":4}}},"fnMap":{"0":{"name":"(anonymous_0)","decl":{"start":{"line":5,"column":15},"end":{"line":5,"column":16}},"loc":{"start":{"line":5,"column":41},"end":{"line":11,"column":1}},"line":5}},"branchMap":{},"s":{"0":1,"1":1},"f":{"0":1},"b":{},"_coverageSchema":"1a1c01bbd47fc00a2c39e90264f33305004495a9","hash":"8bbe655011d5766e3814ca7bc220d461c1fffe8d"}
,"C:\\Users\\Viachaslau_Torchyk\\Desktop\\React Mentoring Programm\\React-GMP-2021Q1\\src\\components\\Logo\\Logo.tsx": {"path":"C:\\Users\\Viachaslau_Torchyk\\Desktop\\React Mentoring Programm\\React-GMP-2021Q1\\src\\components\\Logo\\Logo.tsx","statementMap":{"0":{"start":{"line":4,"column":13},"end":{"line":11,"column":1}},"1":{"start":{"line":5,"column":2},"end":{"line":10,"column":4}}},"fnMap":{"0":{"name":"(anonymous_0)","decl":{"start":{"line":4,"column":13},"end":{"line":4,"column":14}},"loc":{"start":{"line":4,"column":39},"end":{"line":11,"column":1}},"line":4}},"branchMap":{},"s":{"0":2,"1":2},"f":{"0":2},"b":{},"_coverageSchema":"1a1c01bbd47fc00a2c39e90264f33305004495a9","hash":"764e70d241b14d257c77939ef791d33b96c7931e"}
,"C:\\Users\\Viachaslau_Torchyk\\Desktop\\React Mentoring Programm\\React-GMP-2021Q1\\src\\components\\Logo\\index.ts": {"path":"C:\\Users\\Viachaslau_Torchyk\\Desktop\\React Mentoring Programm\\React-GMP-2021Q1\\src\\components\\Logo\\index.ts","statementMap":{},"fnMap":{},"branchMap":{},"s":{},"f":{},"b":{},"_coverageSchema":"1a1c01bbd47fc00a2c39e90264f33305004495a9","hash":"f16847304a46f64fa3a1b3553323df5c3972b492"}
,"C:\\Users\\Viachaslau_Torchyk\\Desktop\\React Mentoring Programm\\React-GMP-2021Q1\\src\\components\\Modal\\Modal.tsx": {"path":"C:\\Users\\Viachaslau_Torchyk\\Desktop\\React Mentoring Programm\\React-GMP-2021Q1\\src\\components\\Modal\\Modal.tsx","statementMap":{"0":{"start":{"line":27,"column":25},"end":{"line":40,"column":2}},"1":{"start":{"line":42,"column":14},"end":{"line":153,"column":1}},"2":{"start":{"line":43,"column":55},"end":{"line":43,"column":100}},"3":{"start":{"line":43,"column":88},"end":{"line":43,"column":99}},"4":{"start":{"line":44,"column":15},"end":{"line":44,"column":78}},"5":{"start":{"line":44,"column":48},"end":{"line":44,"column":77}},"6":{"start":{"line":45,"column":24},"end":{"line":45,"column":131}},"7":{"start":{"line":47,"column":44},"end":{"line":47,"column":59}},"8":{"start":{"line":48,"column":2},"end":{"line":57,"column":5}},"9":{"start":{"line":49,"column":4},"end":{"line":53,"column":5}},"10":{"start":{"line":50,"column":6},"end":{"line":50,"column":46}},"11":{"start":{"line":52,"column":6},"end":{"line":52,"column":44}},"12":{"start":{"line":54,"column":4},"end":{"line":56,"column":6}},"13":{"start":{"line":55,"column":6},"end":{"line":55,"column":43}},"14":{"start":{"line":59,"column":19},"end":{"line":59,"column":32}},"15":{"start":{"line":60,"column":24},"end":{"line":60,"column":65}},"16":{"start":{"line":60,"column":40},"end":{"line":60,"column":65}},"17":{"start":{"line":61,"column":24},"end":{"line":61,"column":76}},"18":{"start":{"line":61,"column":49},"end":{"line":61,"column":76}},"19":{"start":{"line":62,"column":24},"end":{"line":62,"column":85}},"20":{"start":{"line":62,"column":58},"end":{"line":62,"column":85}},"21":{"start":{"line":63,"column":18},"end":{"line":63,"column":46}},"22":{"start":{"line":63,"column":24},"end":{"line":63,"column":46}},"23":{"start":{"line":64,"column":2},"end":{"line":152,"column":4}},"24":{"start":{"line":84,"column":14},"end":{"line":97,"column":15}},"25":{"start":{"line":86,"column":18},"end":{"line":86,"column":40}},"26":{"start":{"line":87,"column":18},"end":{"line":87,"column":28}},"27":{"start":{"line":88,"column":18},"end":{"line":88,"column":24}},"28":{"start":{"line":90,"column":18},"end":{"line":90,"column":40}},"29":{"start":{"line":91,"column":18},"end":{"line":91,"column":28}},"30":{"start":{"line":92,"column":18},"end":{"line":92,"column":24}},"31":{"start":{"line":94,"column":18},"end":{"line":94,"column":43}},"32":{"start":{"line":95,"column":18},"end":{"line":95,"column":28}},"33":{"start":{"line":96,"column":18},"end":{"line":96,"column":24}},"34":{"start":{"line":102,"column":12},"end":{"line":146,"column":21}},"35":{"start":{"line":102,"column":94},"end":{"line":102,"column":113}},"36":{"start":{"line":124,"column":47},"end":{"line":124,"column":79}}},"fnMap":{"0":{"name":"(anonymous_0)","decl":{"start":{"line":42,"column":14},"end":{"line":42,"column":15}},"loc":{"start":{"line":42,"column":20},"end":{"line":153,"column":1}},"line":42},"1":{"name":"(anonymous_1)","decl":{"start":{"line":43,"column":67},"end":{"line":43,"column":68}},"loc":{"start":{"line":43,"column":88},"end":{"line":43,"column":99}},"line":43},"2":{"name":"(anonymous_2)","decl":{"start":{"line":44,"column":27},"end":{"line":44,"column":28}},"loc":{"start":{"line":44,"column":48},"end":{"line":44,"column":77}},"line":44},"3":{"name":"(anonymous_3)","decl":{"start":{"line":48,"column":12},"end":{"line":48,"column":13}},"loc":{"start":{"line":48,"column":18},"end":{"line":57,"column":3}},"line":48},"4":{"name":"(anonymous_4)","decl":{"start":{"line":54,"column":11},"end":{"line":54,"column":12}},"loc":{"start":{"line":54,"column":17},"end":{"line":56,"column":5}},"line":54},"5":{"name":"(anonymous_5)","decl":{"start":{"line":60,"column":24},"end":{"line":60,"column":25}},"loc":{"start":{"line":60,"column":40},"end":{"line":60,"column":65}},"line":60},"6":{"name":"(anonymous_6)","decl":{"start":{"line":61,"column":24},"end":{"line":61,"column":25}},"loc":{"start":{"line":61,"column":49},"end":{"line":61,"column":76}},"line":61},"7":{"name":"(anonymous_7)","decl":{"start":{"line":62,"column":24},"end":{"line":62,"column":25}},"loc":{"start":{"line":62,"column":58},"end":{"line":62,"column":85}},"line":62},"8":{"name":"(anonymous_8)","decl":{"start":{"line":63,"column":18},"end":{"line":63,"column":19}},"loc":{"start":{"line":63,"column":24},"end":{"line":63,"column":46}},"line":63},"9":{"name":"(anonymous_9)","decl":{"start":{"line":83,"column":22},"end":{"line":83,"column":23}},"loc":{"start":{"line":83,"column":32},"end":{"line":98,"column":13}},"line":83},"10":{"name":"(anonymous_10)","decl":{"start":{"line":101,"column":13},"end":{"line":101,"column":14}},"loc":{"start":{"line":102,"column":12},"end":{"line":146,"column":21}},"line":102},"11":{"name":"(anonymous_11)","decl":{"start":{"line":102,"column":89},"end":{"line":102,"column":90}},"loc":{"start":{"line":102,"column":94},"end":{"line":102,"column":113}},"line":102},"12":{"name":"(anonymous_12)","decl":{"start":{"line":124,"column":41},"end":{"line":124,"column":42}},"loc":{"start":{"line":124,"column":47},"end":{"line":124,"column":79}},"line":124}},"branchMap":{"0":{"loc":{"start":{"line":45,"column":24},"end":{"line":45,"column":131}},"type":"cond-expr","locations":[{"start":{"line":45,"column":57},"end":{"line":45,"column":111}},{"start":{"line":45,"column":114},"end":{"line":45,"column":131}}],"line":45},"1":{"loc":{"start":{"line":45,"column":24},"end":{"line":45,"column":54}},"type":"binary-expr","locations":[{"start":{"line":45,"column":25},"end":{"line":45,"column":44}},{"start":{"line":45,"column":49},"end":{"line":45,"column":54}}],"line":45},"2":{"loc":{"start":{"line":49,"column":4},"end":{"line":53,"column":5}},"type":"if","locations":[{"start":{"line":49,"column":4},"end":{"line":53,"column":5}},{"start":{"line":49,"column":4},"end":{"line":53,"column":5}}],"line":49},"3":{"loc":{"start":{"line":66,"column":7},"end":{"line":150,"column":7}},"type":"binary-expr","locations":[{"start":{"line":66,"column":7},"end":{"line":66,"column":18}},{"start":{"line":67,"column":8},"end":{"line":149,"column":14}}],"line":66},"4":{"loc":{"start":{"line":70,"column":18},"end":{"line":70,"column":31}},"type":"binary-expr","locations":[{"start":{"line":70,"column":18},"end":{"line":70,"column":26}},{"start":{"line":70,"column":30},"end":{"line":70,"column":31}}],"line":70},"5":{"loc":{"start":{"line":71,"column":21},"end":{"line":71,"column":38}},"type":"binary-expr","locations":[{"start":{"line":71,"column":21},"end":{"line":71,"column":32}},{"start":{"line":71,"column":36},"end":{"line":71,"column":38}}],"line":71},"6":{"loc":{"start":{"line":72,"column":28},"end":{"line":72,"column":52}},"type":"binary-expr","locations":[{"start":{"line":72,"column":28},"end":{"line":72,"column":46}},{"start":{"line":72,"column":50},"end":{"line":72,"column":52}}],"line":72},"7":{"loc":{"start":{"line":73,"column":27},"end":{"line":73,"column":50}},"type":"binary-expr","locations":[{"start":{"line":73,"column":27},"end":{"line":73,"column":44}},{"start":{"line":73,"column":48},"end":{"line":73,"column":50}}],"line":73},"8":{"loc":{"start":{"line":74,"column":22},"end":{"line":74,"column":59}},"type":"cond-expr","locations":[{"start":{"line":74,"column":37},"end":{"line":74,"column":54}},{"start":{"line":74,"column":57},"end":{"line":74,"column":59}}],"line":74},"9":{"loc":{"start":{"line":75,"column":23},"end":{"line":75,"column":42}},"type":"binary-expr","locations":[{"start":{"line":75,"column":23},"end":{"line":75,"column":36}},{"start":{"line":75,"column":40},"end":{"line":75,"column":42}}],"line":75},"10":{"loc":{"start":{"line":76,"column":24},"end":{"line":76,"column":44}},"type":"binary-expr","locations":[{"start":{"line":76,"column":24},"end":{"line":76,"column":38}},{"start":{"line":76,"column":42},"end":{"line":76,"column":44}}],"line":76},"11":{"loc":{"start":{"line":77,"column":23},"end":{"line":77,"column":41}},"type":"binary-expr","locations":[{"start":{"line":77,"column":23},"end":{"line":77,"column":36}},{"start":{"line":77,"column":40},"end":{"line":77,"column":41}}],"line":77},"12":{"loc":{"start":{"line":78,"column":28},"end":{"line":78,"column":51}},"type":"binary-expr","locations":[{"start":{"line":78,"column":28},"end":{"line":78,"column":46}},{"start":{"line":78,"column":50},"end":{"line":78,"column":51}}],"line":78},"13":{"loc":{"start":{"line":79,"column":26},"end":{"line":79,"column":47}},"type":"binary-expr","locations":[{"start":{"line":79,"column":26},"end":{"line":79,"column":42}},{"start":{"line":79,"column":46},"end":{"line":79,"column":47}}],"line":79},"14":{"loc":{"start":{"line":80,"column":22},"end":{"line":80,"column":39}},"type":"binary-expr","locations":[{"start":{"line":80,"column":22},"end":{"line":80,"column":34}},{"start":{"line":80,"column":38},"end":{"line":80,"column":39}}],"line":80},"15":{"loc":{"start":{"line":81,"column":23},"end":{"line":81,"column":41}},"type":"binary-expr","locations":[{"start":{"line":81,"column":23},"end":{"line":81,"column":36}},{"start":{"line":81,"column":40},"end":{"line":81,"column":41}}],"line":81},"16":{"loc":{"start":{"line":84,"column":14},"end":{"line":97,"column":15}},"type":"switch","locations":[{"start":{"line":85,"column":16},"end":{"line":88,"column":24}},{"start":{"line":89,"column":16},"end":{"line":92,"column":24}},{"start":{"line":93,"column":16},"end":{"line":96,"column":24}}],"line":84},"17":{"loc":{"start":{"line":109,"column":17},"end":{"line":111,"column":17}},"type":"binary-expr","locations":[{"start":{"line":109,"column":17},"end":{"line":109,"column":37}},{"start":{"line":110,"column":18},"end":{"line":110,"column":92}}],"line":109},"18":{"loc":{"start":{"line":112,"column":17},"end":{"line":137,"column":17}},"type":"binary-expr","locations":[{"start":{"line":112,"column":17},"end":{"line":112,"column":39}},{"start":{"line":113,"column":18},"end":{"line":136,"column":21}}],"line":112},"19":{"loc":{"start":{"line":126,"column":21},"end":{"line":126,"column":88}},"type":"cond-expr","locations":[{"start":{"line":126,"column":37},"end":{"line":126,"column":81}},{"start":{"line":126,"column":84},"end":{"line":126,"column":88}}],"line":126},"20":{"loc":{"start":{"line":138,"column":17},"end":{"line":145,"column":15}},"type":"binary-expr","locations":[{"start":{"line":138,"column":17},"end":{"line":138,"column":39}},{"start":{"line":139,"column":16},"end":{"line":144,"column":19}}],"line":138}},"s":{"0":1,"1":1,"2":26,"3":56,"4":26,"5":56,"6":26,"7":26,"8":26,"9":26,"10":12,"11":14,"12":26,"13":26,"14":26,"15":26,"16":1,"17":26,"18":1,"19":26,"20":1,"21":26,"22":4,"23":26,"24":3,"25":1,"26":1,"27":1,"28":1,"29":1,"30":1,"31":1,"32":1,"33":1,"34":328,"35":16,"36":3},"f":{"0":26,"1":56,"2":56,"3":26,"4":26,"5":1,"6":1,"7":1,"8":4,"9":3,"10":328,"11":16,"12":3},"b":{"0":[22,4],"1":[26,18],"2":[12,14],"3":[26,12],"4":[12,8],"5":[12,8],"6":[12,8],"7":[12,8],"8":[4,8],"9":[12,8],"10":[12,8],"11":[12,8],"12":[12,8],"13":[12,8],"14":[12,8],"15":[12,8],"16":[1,1,1],"17":[328,4],"18":[328,324],"19":[156,168],"20":[328,4]},"_coverageSchema":"1a1c01bbd47fc00a2c39e90264f33305004495a9","hash":"480b934b481a405ec7f408f15d8ca61c666ba502"}
,"C:\\Users\\Viachaslau_Torchyk\\Desktop\\React Mentoring Programm\\React-GMP-2021Q1\\src\\components\\Modal\\components\\CheckboxSelect\\CheckboxSelect.tsx": {"path":"C:\\Users\\Viachaslau_Torchyk\\Desktop\\React Mentoring Programm\\React-GMP-2021Q1\\src\\components\\Modal\\components\\CheckboxSelect\\CheckboxSelect.tsx","statementMap":{"0":{"start":{"line":16,"column":23},"end":{"line":68,"column":1}},"1":{"start":{"line":25,"column":2},"end":{"line":67,"column":4}},"2":{"start":{"line":34,"column":25},"end":{"line":34,"column":43}},"3":{"start":{"line":41,"column":12},"end":{"line":62,"column":17}},"4":{"start":{"line":43,"column":16},"end":{"line":60,"column":21}},"5":{"start":{"line":51,"column":24},"end":{"line":55,"column":25}},"6":{"start":{"line":51,"column":46},"end":{"line":51,"column":72}},"7":{"start":{"line":53,"column":38},"end":{"line":53,"column":69}},"8":{"start":{"line":54,"column":26},"end":{"line":54,"column":51}}},"fnMap":{"0":{"name":"(anonymous_0)","decl":{"start":{"line":16,"column":23},"end":{"line":16,"column":24}},"loc":{"start":{"line":24,"column":28},"end":{"line":68,"column":1}},"line":24},"1":{"name":"(anonymous_1)","decl":{"start":{"line":34,"column":18},"end":{"line":34,"column":19}},"loc":{"start":{"line":34,"column":25},"end":{"line":34,"column":43}},"line":34},"2":{"name":"(anonymous_2)","decl":{"start":{"line":40,"column":18},"end":{"line":40,"column":19}},"loc":{"start":{"line":41,"column":12},"end":{"line":62,"column":17}},"line":41},"3":{"name":"(anonymous_3)","decl":{"start":{"line":42,"column":31},"end":{"line":42,"column":32}},"loc":{"start":{"line":43,"column":16},"end":{"line":60,"column":21}},"line":43},"4":{"name":"(anonymous_4)","decl":{"start":{"line":50,"column":32},"end":{"line":50,"column":33}},"loc":{"start":{"line":50,"column":39},"end":{"line":56,"column":23}},"line":50}},"branchMap":{"0":{"loc":{"start":{"line":37,"column":7},"end":{"line":65,"column":7}},"type":"binary-expr","locations":[{"start":{"line":37,"column":7},"end":{"line":37,"column":13}},{"start":{"line":38,"column":8},"end":{"line":64,"column":10}}],"line":37},"1":{"loc":{"start":{"line":51,"column":24},"end":{"line":55,"column":25}},"type":"if","locations":[{"start":{"line":51,"column":24},"end":{"line":55,"column":25}},{"start":{"line":51,"column":24},"end":{"line":55,"column":25}}],"line":51}},"s":{"0":1,"1":239,"2":9,"3":148,"4":740,"5":3,"6":2,"7":1,"8":1},"f":{"0":239,"1":9,"2":148,"3":740,"4":3},"b":{"0":[239,148],"1":[2,1]},"_coverageSchema":"1a1c01bbd47fc00a2c39e90264f33305004495a9","hash":"6fbb90755908c0f4770ea9f83985c484a40e7a9f"}
,"C:\\Users\\Viachaslau_Torchyk\\Desktop\\React Mentoring Programm\\React-GMP-2021Q1\\src\\components\\Modal\\components\\CheckboxSelect\\index.ts": {"path":"C:\\Users\\Viachaslau_Torchyk\\Desktop\\React Mentoring Programm\\React-GMP-2021Q1\\src\\components\\Modal\\components\\CheckboxSelect\\index.ts","statementMap":{},"fnMap":{},"branchMap":{},"s":{},"f":{},"b":{},"_coverageSchema":"1a1c01bbd47fc00a2c39e90264f33305004495a9","hash":"4b5a02da24a2d4f30f95351fcdef8c84417dab53"}
,"C:\\Users\\Viachaslau_Torchyk\\Desktop\\React Mentoring Programm\\React-GMP-2021Q1\\src\\components\\Modal\\components\\FormInputField\\FormInputField.tsx": {"path":"C:\\Users\\Viachaslau_Torchyk\\Desktop\\React Mentoring Programm\\React-GMP-2021Q1\\src\\components\\Modal\\components\\FormInputField\\FormInputField.tsx","statementMap":{"0":{"start":{"line":13,"column":23},"end":{"line":33,"column":1}},"1":{"start":{"line":14,"column":33},"end":{"line":14,"column":48}},"2":{"start":{"line":15,"column":2},"end":{"line":32,"column":4}}},"fnMap":{"0":{"name":"(anonymous_0)","decl":{"start":{"line":13,"column":23},"end":{"line":13,"column":24}},"loc":{"start":{"line":13,"column":56},"end":{"line":33,"column":1}},"line":13}},"branchMap":{"0":{"loc":{"start":{"line":21,"column":16},"end":{"line":21,"column":36}},"type":"binary-expr","locations":[{"start":{"line":21,"column":16},"end":{"line":21,"column":26}},{"start":{"line":21,"column":30},"end":{"line":21,"column":36}}],"line":21},"1":{"loc":{"start":{"line":28,"column":7},"end":{"line":30,"column":14}},"type":"cond-expr","locations":[{"start":{"line":29,"column":8},"end":{"line":29,"column":49}},{"start":{"line":30,"column":10},"end":{"line":30,"column":14}}],"line":28},"2":{"loc":{"start":{"line":28,"column":7},"end":{"line":28,"column":33}},"type":"binary-expr","locations":[{"start":{"line":28,"column":7},"end":{"line":28,"column":19}},{"start":{"line":28,"column":23},"end":{"line":28,"column":33}}],"line":28}},"s":{"0":1,"1":2394,"2":2394},"f":{"0":2394},"b":{"0":[2394,956],"1":[246,2148],"2":[2394,1431]},"_coverageSchema":"1a1c01bbd47fc00a2c39e90264f33305004495a9","hash":"fd59c438aff9829ed58e55be7060c0c55bb36d67"}
,"C:\\Users\\Viachaslau_Torchyk\\Desktop\\React Mentoring Programm\\React-GMP-2021Q1\\src\\components\\Modal\\components\\FormInputField\\index.ts": {"path":"C:\\Users\\Viachaslau_Torchyk\\Desktop\\React Mentoring Programm\\React-GMP-2021Q1\\src\\components\\Modal\\components\\FormInputField\\index.ts","statementMap":{},"fnMap":{},"branchMap":{},"s":{},"f":{},"b":{},"_coverageSchema":"1a1c01bbd47fc00a2c39e90264f33305004495a9","hash":"d88f7a2d9b2d92adafd3b92c24e52f89f71d3a5b"}
,"C:\\Users\\Viachaslau_Torchyk\\Desktop\\React Mentoring Programm\\React-GMP-2021Q1\\src\\components\\NotFound\\NotFound.tsx": {"path":"C:\\Users\\Viachaslau_Torchyk\\Desktop\\React Mentoring Programm\\React-GMP-2021Q1\\src\\components\\NotFound\\NotFound.tsx","statementMap":{"0":{"start":{"line":6,"column":26},"end":{"line":14,"column":1}},"1":{"start":{"line":7,"column":2},"end":{"line":13,"column":4}}},"fnMap":{"0":{"name":"(anonymous_0)","decl":{"start":{"line":6,"column":26},"end":{"line":6,"column":27}},"loc":{"start":{"line":6,"column":32},"end":{"line":14,"column":1}},"line":6}},"branchMap":{},"s":{"0":1,"1":1},"f":{"0":1},"b":{},"_coverageSchema":"1a1c01bbd47fc00a2c39e90264f33305004495a9","hash":"152d68d422a1252587cc5dfe6a438f004694428d"}
,"C:\\Users\\Viachaslau_Torchyk\\Desktop\\React Mentoring Programm\\React-GMP-2021Q1\\src\\components\\Poster\\Poster.tsx": {"path":"C:\\Users\\Viachaslau_Torchyk\\Desktop\\React Mentoring Programm\\React-GMP-2021Q1\\src\\components\\Poster\\Poster.tsx","statementMap":{"0":{"start":{"line":3,"column":19},"end":{"line":3,"column":59}},"1":{"start":{"line":10,"column":15},"end":{"line":28,"column":1}},"2":{"start":{"line":14,"column":24},"end":{"line":14,"column":44}},"3":{"start":{"line":16,"column":2},"end":{"line":18,"column":19}},"4":{"start":{"line":17,"column":4},"end":{"line":17,"column":23}},"5":{"start":{"line":20,"column":2},"end":{"line":27,"column":4}},"6":{"start":{"line":24,"column":21},"end":{"line":24,"column":39}}},"fnMap":{"0":{"name":"(anonymous_0)","decl":{"start":{"line":10,"column":15},"end":{"line":10,"column":16}},"loc":{"start":{"line":13,"column":40},"end":{"line":28,"column":1}},"line":13},"1":{"name":"(anonymous_1)","decl":{"start":{"line":16,"column":12},"end":{"line":16,"column":13}},"loc":{"start":{"line":16,"column":18},"end":{"line":18,"column":3}},"line":16},"2":{"name":"(anonymous_2)","decl":{"start":{"line":24,"column":15},"end":{"line":24,"column":16}},"loc":{"start":{"line":24,"column":21},"end":{"line":24,"column":39}},"line":24}},"branchMap":{},"s":{"0":2,"1":2,"2":4,"3":4,"4":3,"5":4,"6":1},"f":{"0":4,"1":3,"2":1},"b":{},"_coverageSchema":"1a1c01bbd47fc00a2c39e90264f33305004495a9","hash":"d831a7cae2549bbfc990684c7e9f2d6ce8097a90"}
,"C:\\Users\\Viachaslau_Torchyk\\Desktop\\React Mentoring Programm\\React-GMP-2021Q1\\src\\components\\Poster\\index.ts": {"path":"C:\\Users\\Viachaslau_Torchyk\\Desktop\\React Mentoring Programm\\React-GMP-2021Q1\\src\\components\\Poster\\index.ts","statementMap":{},"fnMap":{},"branchMap":{},"s":{},"f":{},"b":{},"_coverageSchema":"1a1c01bbd47fc00a2c39e90264f33305004495a9","hash":"6ed3a0cdc9e62e12c873b88a16973fc527d19e39"}
,"C:\\Users\\Viachaslau_Torchyk\\Desktop\\React Mentoring Programm\\React-GMP-2021Q1\\src\\redux\\configureStore.ts": {"path":"C:\\Users\\Viachaslau_Torchyk\\Desktop\\React Mentoring Programm\\React-GMP-2021Q1\\src\\redux\\configureStore.ts","statementMap":{"0":{"start":{"line":7,"column":23},"end":{"line":18,"column":1}},"1":{"start":{"line":8,"column":25},"end":{"line":8,"column":47}},"2":{"start":{"line":10,"column":16},"end":{"line":13,"column":3}},"3":{"start":{"line":15,"column":2},"end":{"line":15,"column":31}},"4":{"start":{"line":17,"column":2},"end":{"line":17,"column":15}}},"fnMap":{"0":{"name":"(anonymous_0)","decl":{"start":{"line":7,"column":23},"end":{"line":7,"column":24}},"loc":{"start":{"line":7,"column":29},"end":{"line":18,"column":1}},"line":7}},"branchMap":{},"s":{"0":1,"1":10,"2":10,"3":10,"4":10},"f":{"0":10},"b":{},"_coverageSchema":"1a1c01bbd47fc00a2c39e90264f33305004495a9","hash":"1b5c46986ed1dc6dd4b21c9bf49acf073c97537f"}
,"C:\\Users\\Viachaslau_Torchyk\\Desktop\\React Mentoring Programm\\React-GMP-2021Q1\\src\\redux\\actions\\index.ts": {"path":"C:\\Users\\Viachaslau_Torchyk\\Desktop\\React Mentoring Programm\\React-GMP-2021Q1\\src\\redux\\actions\\index.ts","statementMap":{"0":{"start":{"line":4,"column":37},"end":{"line":6,"column":11}},"1":{"start":{"line":4,"column":44},"end":{"line":6,"column":10}},"2":{"start":{"line":8,"column":36},"end":{"line":11,"column":11}},"3":{"start":{"line":8,"column":65},"end":{"line":11,"column":10}},"4":{"start":{"line":13,"column":32},"end":{"line":16,"column":11}},"5":{"start":{"line":13,"column":49},"end":{"line":16,"column":10}},"6":{"start":{"line":18,"column":39},"end":{"line":21,"column":11}},"7":{"start":{"line":18,"column":69},"end":{"line":21,"column":10}},"8":{"start":{"line":23,"column":30},"end":{"line":26,"column":11}},"9":{"start":{"line":23,"column":56},"end":{"line":26,"column":10}},"10":{"start":{"line":28,"column":34},"end":{"line":31,"column":11}},"11":{"start":{"line":28,"column":56},"end":{"line":31,"column":10}},"12":{"start":{"line":33,"column":30},"end":{"line":36,"column":11}},"13":{"start":{"line":33,"column":72},"end":{"line":36,"column":10}},"14":{"start":{"line":38,"column":30},"end":{"line":41,"column":11}},"15":{"start":{"line":38,"column":54},"end":{"line":41,"column":10}},"16":{"start":{"line":43,"column":27},"end":{"line":46,"column":11}},"17":{"start":{"line":43,"column":62},"end":{"line":46,"column":10}},"18":{"start":{"line":49,"column":27},"end":{"line":52,"column":11}},"19":{"start":{"line":49,"column":53},"end":{"line":52,"column":10}},"20":{"start":{"line":54,"column":27},"end":{"line":57,"column":11}},"21":{"start":{"line":54,"column":44},"end":{"line":57,"column":10}},"22":{"start":{"line":59,"column":25},"end":{"line":62,"column":11}},"23":{"start":{"line":59,"column":92},"end":{"line":62,"column":10}},"24":{"start":{"line":64,"column":26},"end":{"line":66,"column":11}},"25":{"start":{"line":64,"column":33},"end":{"line":66,"column":10}}},"fnMap":{"0":{"name":"(anonymous_0)","decl":{"start":{"line":4,"column":37},"end":{"line":4,"column":38}},"loc":{"start":{"line":4,"column":44},"end":{"line":6,"column":10}},"line":4},"1":{"name":"(anonymous_1)","decl":{"start":{"line":8,"column":36},"end":{"line":8,"column":37}},"loc":{"start":{"line":8,"column":65},"end":{"line":11,"column":10}},"line":8},"2":{"name":"(anonymous_2)","decl":{"start":{"line":13,"column":32},"end":{"line":13,"column":33}},"loc":{"start":{"line":13,"column":49},"end":{"line":16,"column":10}},"line":13},"3":{"name":"(anonymous_3)","decl":{"start":{"line":18,"column":39},"end":{"line":18,"column":40}},"loc":{"start":{"line":18,"column":69},"end":{"line":21,"column":10}},"line":18},"4":{"name":"(anonymous_4)","decl":{"start":{"line":23,"column":30},"end":{"line":23,"column":31}},"loc":{"start":{"line":23,"column":56},"end":{"line":26,"column":10}},"line":23},"5":{"name":"(anonymous_5)","decl":{"start":{"line":28,"column":34},"end":{"line":28,"column":35}},"loc":{"start":{"line":28,"column":56},"end":{"line":31,"column":10}},"line":28},"6":{"name":"(anonymous_6)","decl":{"start":{"line":33,"column":30},"end":{"line":33,"column":31}},"loc":{"start":{"line":33,"column":72},"end":{"line":36,"column":10}},"line":33},"7":{"name":"(anonymous_7)","decl":{"start":{"line":38,"column":30},"end":{"line":38,"column":31}},"loc":{"start":{"line":38,"column":54},"end":{"line":41,"column":10}},"line":38},"8":{"name":"(anonymous_8)","decl":{"start":{"line":43,"column":27},"end":{"line":43,"column":28}},"loc":{"start":{"line":43,"column":62},"end":{"line":46,"column":10}},"line":43},"9":{"name":"(anonymous_9)","decl":{"start":{"line":49,"column":27},"end":{"line":49,"column":28}},"loc":{"start":{"line":49,"column":53},"end":{"line":52,"column":10}},"line":49},"10":{"name":"(anonymous_10)","decl":{"start":{"line":54,"column":27},"end":{"line":54,"column":28}},"loc":{"start":{"line":54,"column":44},"end":{"line":57,"column":10}},"line":54},"11":{"name":"(anonymous_11)","decl":{"start":{"line":59,"column":25},"end":{"line":59,"column":26}},"loc":{"start":{"line":59,"column":92},"end":{"line":62,"column":10}},"line":59},"12":{"name":"(anonymous_12)","decl":{"start":{"line":64,"column":26},"end":{"line":64,"column":27}},"loc":{"start":{"line":64,"column":33},"end":{"line":66,"column":10}},"line":64}},"branchMap":{},"s":{"0":3,"1":1,"2":3,"3":5,"4":3,"5":2,"6":3,"7":1,"8":3,"9":1,"10":3,"11":1,"12":3,"13":1,"14":3,"15":1,"16":3,"17":2,"18":3,"19":2,"20":3,"21":2,"22":3,"23":10,"24":3,"25":5},"f":{"0":1,"1":5,"2":2,"3":1,"4":1,"5":1,"6":1,"7":1,"8":2,"9":2,"10":2,"11":10,"12":5},"b":{},"_coverageSchema":"1a1c01bbd47fc00a2c39e90264f33305004495a9","hash":"d4af812f552eaa28685726f98706d2a689a5e96a"}
,"C:\\Users\\Viachaslau_Torchyk\\Desktop\\React Mentoring Programm\\React-GMP-2021Q1\\src\\redux\\actions\\types.ts": {"path":"C:\\Users\\Viachaslau_Torchyk\\Desktop\\React Mentoring Programm\\React-GMP-2021Q1\\src\\redux\\actions\\types.ts","statementMap":{"0":{"start":{"line":1,"column":40},"end":{"line":1,"column":66}},"1":{"start":{"line":2,"column":38},"end":{"line":2,"column":62}},"2":{"start":{"line":3,"column":35},"end":{"line":3,"column":56}},"3":{"start":{"line":4,"column":43},"end":{"line":4,"column":72}},"4":{"start":{"line":5,"column":32},"end":{"line":5,"column":50}},"5":{"start":{"line":6,"column":37},"end":{"line":6,"column":60}},"6":{"start":{"line":7,"column":32},"end":{"line":7,"column":50}},"7":{"start":{"line":8,"column":32},"end":{"line":8,"column":50}},"8":{"start":{"line":9,"column":28},"end":{"line":9,"column":42}},"9":{"start":{"line":10,"column":28},"end":{"line":10,"column":42}},"10":{"start":{"line":11,"column":28},"end":{"line":11,"column":42}},"11":{"start":{"line":12,"column":26},"end":{"line":12,"column":38}},"12":{"start":{"line":13,"column":27},"end":{"line":13,"column":40}}},"fnMap":{},"branchMap":{},"s":{"0":4,"1":4,"2":4,"3":4,"4":4,"5":4,"6":4,"7":4,"8":4,"9":4,"10":4,"11":4,"12":4},"f":{},"b":{},"_coverageSchema":"1a1c01bbd47fc00a2c39e90264f33305004495a9","hash":"e62c817b62a75ec316fe8f218ecaeeb3c16f082d"}
,"C:\\Users\\Viachaslau_Torchyk\\Desktop\\React Mentoring Programm\\React-GMP-2021Q1\\src\\redux\\reducers\\index.ts": {"path":"C:\\Users\\Viachaslau_Torchyk\\Desktop\\React Mentoring Programm\\React-GMP-2021Q1\\src\\redux\\reducers\\index.ts","statementMap":{"0":{"start":{"line":5,"column":27},"end":{"line":8,"column":2}}},"fnMap":{},"branchMap":{},"s":{"0":1},"f":{},"b":{},"_coverageSchema":"1a1c01bbd47fc00a2c39e90264f33305004495a9","hash":"378c4f2e066ef61a72b938efccc01ea30771501e"}
,"C:\\Users\\Viachaslau_Torchyk\\Desktop\\React Mentoring Programm\\React-GMP-2021Q1\\src\\redux\\reducers\\modalReducer.ts": {"path":"C:\\Users\\Viachaslau_Torchyk\\Desktop\\React Mentoring Programm\\React-GMP-2021Q1\\src\\redux\\reducers\\modalReducer.ts","statementMap":{"0":{"start":{"line":3,"column":48},"end":{"line":7,"column":1}},"1":{"start":{"line":9,"column":28},"end":{"line":26,"column":1}},"2":{"start":{"line":10,"column":2},"end":{"line":25,"column":3}},"3":{"start":{"line":12,"column":6},"end":{"line":16,"column":8}},"4":{"start":{"line":18,"column":6},"end":{"line":22,"column":8}},"5":{"start":{"line":24,"column":6},"end":{"line":24,"column":19}}},"fnMap":{"0":{"name":"(anonymous_0)","decl":{"start":{"line":9,"column":28},"end":{"line":9,"column":29}},"loc":{"start":{"line":9,"column":74},"end":{"line":26,"column":1}},"line":9}},"branchMap":{"0":{"loc":{"start":{"line":9,"column":29},"end":{"line":9,"column":49}},"type":"default-arg","locations":[{"start":{"line":9,"column":37},"end":{"line":9,"column":49}}],"line":9},"1":{"loc":{"start":{"line":10,"column":2},"end":{"line":25,"column":3}},"type":"switch","locations":[{"start":{"line":11,"column":4},"end":{"line":16,"column":8}},{"start":{"line":17,"column":4},"end":{"line":22,"column":8}},{"start":{"line":23,"column":4},"end":{"line":24,"column":19}}],"line":10}},"s":{"0":2,"1":2,"2":35,"3":10,"4":5,"5":20},"f":{"0":35},"b":{"0":[13],"1":[10,5,20]},"_coverageSchema":"1a1c01bbd47fc00a2c39e90264f33305004495a9","hash":"5ebd205590fbff0a6c05150bfe908ec9d0531349"}
,"C:\\Users\\Viachaslau_Torchyk\\Desktop\\React Mentoring Programm\\React-GMP-2021Q1\\src\\redux\\reducers\\moviesReducer.ts": {"path":"C:\\Users\\Viachaslau_Torchyk\\Desktop\\React Mentoring Programm\\React-GMP-2021Q1\\src\\redux\\reducers\\moviesReducer.ts","statementMap":{"0":{"start":{"line":3,"column":49},"end":{"line":23,"column":1}},"1":{"start":{"line":25,"column":29},"end":{"line":74,"column":1}},"2":{"start":{"line":26,"column":2},"end":{"line":73,"column":3}},"3":{"start":{"line":28,"column":6},"end":{"line":28,"column":43}},"4":{"start":{"line":30,"column":6},"end":{"line":35,"column":8}},"5":{"start":{"line":37,"column":6},"end":{"line":40,"column":8}},"6":{"start":{"line":42,"column":6},"end":{"line":42,"column":55}},"7":{"start":{"line":44,"column":6},"end":{"line":44,"column":59}},"8":{"start":{"line":46,"column":6},"end":{"line":51,"column":8}},"9":{"start":{"line":54,"column":24},"end":{"line":54,"column":38}},"10":{"start":{"line":55,"column":6},"end":{"line":64,"column":7}},"11":{"start":{"line":56,"column":8},"end":{"line":56,"column":50}},"12":{"start":{"line":58,"column":8},"end":{"line":58,"column":43}},"13":{"start":{"line":59,"column":8},"end":{"line":59,"column":59}},"14":{"start":{"line":60,"column":30},"end":{"line":62,"column":42}},"15":{"start":{"line":62,"column":27},"end":{"line":62,"column":41}},"16":{"start":{"line":63,"column":8},"end":{"line":63,"column":42}},"17":{"start":{"line":65,"column":6},"end":{"line":70,"column":8}},"18":{"start":{"line":72,"column":6},"end":{"line":72,"column":19}}},"fnMap":{"0":{"name":"(anonymous_0)","decl":{"start":{"line":25,"column":29},"end":{"line":25,"column":30}},"loc":{"start":{"line":25,"column":75},"end":{"line":74,"column":1}},"line":25},"1":{"name":"(anonymous_1)","decl":{"start":{"line":62,"column":16},"end":{"line":62,"column":17}},"loc":{"start":{"line":62,"column":27},"end":{"line":62,"column":41}},"line":62}},"branchMap":{"0":{"loc":{"start":{"line":25,"column":30},"end":{"line":25,"column":50}},"type":"default-arg","locations":[{"start":{"line":25,"column":38},"end":{"line":25,"column":50}}],"line":25},"1":{"loc":{"start":{"line":26,"column":2},"end":{"line":73,"column":3}},"type":"switch","locations":[{"start":{"line":27,"column":4},"end":{"line":28,"column":43}},{"start":{"line":29,"column":4},"end":{"line":35,"column":8}},{"start":{"line":36,"column":4},"end":{"line":40,"column":8}},{"start":{"line":41,"column":4},"end":{"line":42,"column":55}},{"start":{"line":43,"column":4},"end":{"line":44,"column":59}},{"start":{"line":45,"column":4},"end":{"line":51,"column":8}},{"start":{"line":52,"column":4},"end":{"line":70,"column":8}},{"start":{"line":71,"column":4},"end":{"line":72,"column":19}}],"line":26},"2":{"loc":{"start":{"line":55,"column":6},"end":{"line":64,"column":7}},"type":"if","locations":[{"start":{"line":55,"column":6},"end":{"line":64,"column":7}},{"start":{"line":55,"column":6},"end":{"line":64,"column":7}}],"line":55}},"s":{"0":2,"1":2,"2":41,"3":1,"4":5,"5":1,"6":1,"7":1,"8":1,"9":2,"10":2,"11":1,"12":1,"13":1,"14":1,"15":1,"16":1,"17":2,"18":29},"f":{"0":41,"1":1},"b":{"0":[13],"1":[1,5,1,1,1,1,2,29],"2":[1,1]},"_coverageSchema":"1a1c01bbd47fc00a2c39e90264f33305004495a9","hash":"c0c7bfa5f833cd3b1657a8f98b9c72df2e0e26c2"}
,"C:\\Users\\Viachaslau_Torchyk\\Desktop\\React Mentoring Programm\\React-GMP-2021Q1\\src\\redux\\sagas\\index.ts": {"path":"C:\\Users\\Viachaslau_Torchyk\\Desktop\\React Mentoring Programm\\React-GMP-2021Q1\\src\\redux\\sagas\\index.ts","statementMap":{"0":{"start":{"line":7,"column":2},"end":{"line":10,"column":5}}},"fnMap":{"0":{"name":"rootSaga","decl":{"start":{"line":6,"column":17},"end":{"line":6,"column":25}},"loc":{"start":{"line":6,"column":28},"end":{"line":11,"column":1}},"line":6}},"branchMap":{},"s":{"0":10},"f":{"0":10},"b":{},"_coverageSchema":"1a1c01bbd47fc00a2c39e90264f33305004495a9","hash":"59b03048a17f3408cce5fd665b866a5300ae3e42"}
,"C:\\Users\\Viachaslau_Torchyk\\Desktop\\React Mentoring Programm\\React-GMP-2021Q1\\src\\redux\\sagas\\loginSaga.ts": {"path":"C:\\Users\\Viachaslau_Torchyk\\Desktop\\React Mentoring Programm\\React-GMP-2021Q1\\src\\redux\\sagas\\loginSaga.ts","statementMap":{"0":{"start":{"line":6,"column":2},"end":{"line":6,"column":38}},"1":{"start":{"line":10,"column":2},"end":{"line":10,"column":28}}},"fnMap":{"0":{"name":"loginSaga","decl":{"start":{"line":3,"column":10},"end":{"line":3,"column":19}},"loc":{"start":{"line":3,"column":22},"end":{"line":3,"column":24}},"line":3},"1":{"name":"watchLogin","decl":{"start":{"line":5,"column":10},"end":{"line":5,"column":20}},"loc":{"start":{"line":5,"column":23},"end":{"line":7,"column":1}},"line":5},"2":{"name":"root","decl":{"start":{"line":9,"column":25},"end":{"line":9,"column":29}},"loc":{"start":{"line":9,"column":32},"end":{"line":11,"column":1}},"line":9}},"branchMap":{},"s":{"0":10,"1":10},"f":{"0":0,"1":10,"2":10},"b":{},"_coverageSchema":"1a1c01bbd47fc00a2c39e90264f33305004495a9","hash":"e6f9d11e1660365922bea7124d9681713b15e82a"}
,"C:\\Users\\Viachaslau_Torchyk\\Desktop\\React Mentoring Programm\\React-GMP-2021Q1\\src\\redux\\sagas\\moviesSaga.ts": {"path":"C:\\Users\\Viachaslau_Torchyk\\Desktop\\React Mentoring Programm\\React-GMP-2021Q1\\src\\redux\\sagas\\moviesSaga.ts","statementMap":{"0":{"start":{"line":8,"column":2},"end":{"line":21,"column":3}},"1":{"start":{"line":9,"column":32},"end":{"line":9,"column":91}},"2":{"start":{"line":9,"column":66},"end":{"line":9,"column":90}},"3":{"start":{"line":10,"column":30},"end":{"line":10,"column":93}},"4":{"start":{"line":10,"column":64},"end":{"line":10,"column":92}},"5":{"start":{"line":11,"column":50},"end":{"line":11,"column":104}},"6":{"start":{"line":11,"column":84},"end":{"line":11,"column":103}},"7":{"start":{"line":12,"column":24},"end":{"line":16,"column":16}},"8":{"start":{"line":14,"column":51},"end":{"line":14,"column":66}},"9":{"start":{"line":15,"column":48},"end":{"line":15,"column":63}},"10":{"start":{"line":17,"column":31},"end":{"line":17,"column":109}},"11":{"start":{"line":18,"column":4},"end":{"line":18,"column":42}},"12":{"start":{"line":20,"column":4},"end":{"line":20,"column":23}},"13":{"start":{"line":25,"column":2},"end":{"line":31,"column":3}},"14":{"start":{"line":26,"column":15},"end":{"line":26,"column":29}},"15":{"start":{"line":27,"column":32},"end":{"line":27,"column":60}},"16":{"start":{"line":28,"column":4},"end":{"line":28,"column":45}},"17":{"start":{"line":30,"column":4},"end":{"line":30,"column":23}},"18":{"start":{"line":35,"column":2},"end":{"line":42,"column":3}},"19":{"start":{"line":36,"column":17},"end":{"line":36,"column":31}},"20":{"start":{"line":37,"column":4},"end":{"line":37,"column":19}},"21":{"start":{"line":38,"column":4},"end":{"line":38,"column":34}},"22":{"start":{"line":39,"column":4},"end":{"line":39,"column":26}},"23":{"start":{"line":41,"column":4},"end":{"line":41,"column":23}},"24":{"start":{"line":46,"column":2},"end":{"line":52,"column":3}},"25":{"start":{"line":47,"column":17},"end":{"line":47,"column":31}},"26":{"start":{"line":48,"column":4},"end":{"line":48,"column":34}},"27":{"start":{"line":49,"column":4},"end":{"line":49,"column":26}},"28":{"start":{"line":51,"column":4},"end":{"line":51,"column":23}},"29":{"start":{"line":56,"column":2},"end":{"line":62,"column":3}},"30":{"start":{"line":57,"column":15},"end":{"line":57,"column":29}},"31":{"start":{"line":58,"column":4},"end":{"line":58,"column":32}},"32":{"start":{"line":59,"column":4},"end":{"line":59,"column":26}},"33":{"start":{"line":61,"column":4},"end":{"line":61,"column":23}},"34":{"start":{"line":66,"column":2},"end":{"line":66,"column":115}},"35":{"start":{"line":70,"column":2},"end":{"line":70,"column":63}},"36":{"start":{"line":74,"column":2},"end":{"line":74,"column":55}},"37":{"start":{"line":78,"column":2},"end":{"line":78,"column":55}},"38":{"start":{"line":82,"column":2},"end":{"line":82,"column":55}},"39":{"start":{"line":86,"column":2},"end":{"line":86,"column":113}}},"fnMap":{"0":{"name":"getMoviesSaga","decl":{"start":{"line":7,"column":10},"end":{"line":7,"column":23}},"loc":{"start":{"line":7,"column":26},"end":{"line":22,"column":1}},"line":7},"1":{"name":"(anonymous_1)","decl":{"start":{"line":9,"column":45},"end":{"line":9,"column":46}},"loc":{"start":{"line":9,"column":66},"end":{"line":9,"column":90}},"line":9},"2":{"name":"(anonymous_2)","decl":{"start":{"line":10,"column":43},"end":{"line":10,"column":44}},"loc":{"start":{"line":10,"column":64},"end":{"line":10,"column":92}},"line":10},"3":{"name":"(anonymous_3)","decl":{"start":{"line":11,"column":63},"end":{"line":11,"column":64}},"loc":{"start":{"line":11,"column":84},"end":{"line":11,"column":103}},"line":11},"4":{"name":"(anonymous_4)","decl":{"start":{"line":14,"column":14},"end":{"line":14,"column":15}},"loc":{"start":{"line":14,"column":51},"end":{"line":14,"column":66}},"line":14},"5":{"name":"(anonymous_5)","decl":{"start":{"line":15,"column":11},"end":{"line":15,"column":12}},"loc":{"start":{"line":15,"column":48},"end":{"line":15,"column":63}},"line":15},"6":{"name":"getMovieByIdSaga","decl":{"start":{"line":24,"column":10},"end":{"line":24,"column":26}},"loc":{"start":{"line":24,"column":40},"end":{"line":32,"column":1}},"line":24},"7":{"name":"createMovieSaga","decl":{"start":{"line":34,"column":10},"end":{"line":34,"column":25}},"loc":{"start":{"line":34,"column":39},"end":{"line":43,"column":1}},"line":34},"8":{"name":"updateMovieSaga","decl":{"start":{"line":45,"column":10},"end":{"line":45,"column":25}},"loc":{"start":{"line":45,"column":39},"end":{"line":53,"column":1}},"line":45},"9":{"name":"deleteMovieSaga","decl":{"start":{"line":55,"column":10},"end":{"line":55,"column":25}},"loc":{"start":{"line":55,"column":39},"end":{"line":63,"column":1}},"line":55},"10":{"name":"watchGetMovies","decl":{"start":{"line":65,"column":10},"end":{"line":65,"column":24}},"loc":{"start":{"line":65,"column":27},"end":{"line":67,"column":1}},"line":65},"11":{"name":"watchGetMovieById","decl":{"start":{"line":69,"column":10},"end":{"line":69,"column":27}},"loc":{"start":{"line":69,"column":30},"end":{"line":71,"column":1}},"line":69},"12":{"name":"watchCreateMovie","decl":{"start":{"line":73,"column":10},"end":{"line":73,"column":26}},"loc":{"start":{"line":73,"column":29},"end":{"line":75,"column":1}},"line":73},"13":{"name":"watchUpdateMovie","decl":{"start":{"line":77,"column":10},"end":{"line":77,"column":26}},"loc":{"start":{"line":77,"column":29},"end":{"line":79,"column":1}},"line":77},"14":{"name":"watchDeleteMovie","decl":{"start":{"line":81,"column":10},"end":{"line":81,"column":26}},"loc":{"start":{"line":81,"column":29},"end":{"line":83,"column":1}},"line":81},"15":{"name":"root","decl":{"start":{"line":85,"column":25},"end":{"line":85,"column":29}},"loc":{"start":{"line":85,"column":32},"end":{"line":87,"column":1}},"line":85}},"branchMap":{},"s":{"0":3,"1":3,"2":3,"3":3,"4":3,"5":3,"6":3,"7":3,"8":18,"9":0,"10":3,"11":0,"12":3,"13":0,"14":0,"15":0,"16":0,"17":0,"18":1,"19":1,"20":1,"21":1,"22":1,"23":0,"24":1,"25":1,"26":1,"27":1,"28":0,"29":1,"30":1,"31":1,"32":1,"33":0,"34":10,"35":10,"36":10,"37":10,"38":10,"39":10},"f":{"0":3,"1":3,"2":3,"3":3,"4":18,"5":0,"6":0,"7":1,"8":1,"9":1,"10":10,"11":10,"12":10,"13":10,"14":10,"15":10},"b":{},"_coverageSchema":"1a1c01bbd47fc00a2c39e90264f33305004495a9","hash":"5250afad12b9465d873f46725aed268aeb4c0d88"}
}
