TN:
SF:src\api\index.ts
FN:6,(anonymous_0)
FN:13,(anonymous_1)
FN:15,(anonymous_2)
FN:15,(anonymous_3)
FN:17,(anonymous_4)
FN:23,(anonymous_5)
FN:29,(anonymous_6)
FNF:7
FNH:5
FNDA:3,(anonymous_0)
FNDA:3,(anonymous_1)
FNDA:0,(anonymous_2)
FNDA:0,(anonymous_3)
FNDA:1,(anonymous_4)
FNDA:1,(anonymous_5)
FNDA:1,(anonymous_6)
DA:3,1
DA:4,1
DA:6,1
DA:11,3
DA:13,3
DA:15,1
DA:17,1
DA:23,1
DA:29,1
LF:9
LH:9
BRF:0
BRH:0
end_of_record
TN:
SF:src\components\Button\Button.tsx
FN:12,(anonymous_0)
FNF:1
FNH:1
FNDA:727,(anonymous_0)
DA:12,2
DA:13,727
LF:2
LH:2
BRDA:14,0,0,727
BRDA:14,0,1,245
BRF:2
BRH:2
end_of_record
TN:
SF:src\components\Button\index.ts
FNF:0
FNH:0
LF:0
LH:0
BRF:0
BRH:0
end_of_record
TN:
SF:src\components\CardDetails\CardDetails.tsx
FN:9,(anonymous_0)
FN:12,(anonymous_1)
FN:16,(anonymous_2)
FNF:3
FNH:3
FNDA:1,(anonymous_0)
FNDA:1,(anonymous_1)
FNDA:3,(anonymous_2)
DA:9,1
DA:10,1
DA:11,1
DA:12,1
DA:13,1
DA:16,3
DA:18,1
LF:7
LH:7
BRDA:20,0,0,1
BRDA:20,0,1,1
BRF:2
BRH:2
end_of_record
TN:
SF:src\components\Footer\Footer.tsx
FN:5,(anonymous_0)
FNF:1
FNH:1
FNDA:1,(anonymous_0)
DA:5,1
DA:6,1
LF:2
LH:2
BRF:0
BRH:0
end_of_record
TN:
SF:src\components\Logo\Logo.tsx
FN:4,(anonymous_0)
FNF:1
FNH:1
FNDA:2,(anonymous_0)
DA:4,2
DA:5,2
LF:2
LH:2
BRF:0
BRH:0
end_of_record
TN:
SF:src\components\Logo\index.ts
FNF:0
FNH:0
LF:0
LH:0
BRF:0
BRH:0
end_of_record
TN:
SF:src\components\Modal\Modal.tsx
FN:42,(anonymous_0)
FN:43,(anonymous_1)
FN:44,(anonymous_2)
FN:48,(anonymous_3)
FN:54,(anonymous_4)
FN:60,(anonymous_5)
FN:61,(anonymous_6)
FN:62,(anonymous_7)
FN:63,(anonymous_8)
FN:83,(anonymous_9)
FN:101,(anonymous_10)
FN:102,(anonymous_11)
FN:124,(anonymous_12)
FNF:13
FNH:13
FNDA:26,(anonymous_0)
FNDA:56,(anonymous_1)
FNDA:56,(anonymous_2)
FNDA:26,(anonymous_3)
FNDA:26,(anonymous_4)
FNDA:1,(anonymous_5)
FNDA:1,(anonymous_6)
FNDA:1,(anonymous_7)
FNDA:4,(anonymous_8)
FNDA:3,(anonymous_9)
FNDA:328,(anonymous_10)
FNDA:16,(anonymous_11)
FNDA:3,(anonymous_12)
DA:27,1
DA:42,1
DA:43,56
DA:44,56
DA:45,26
DA:47,26
DA:48,26
DA:49,26
DA:50,12
DA:52,14
DA:54,26
DA:55,26
DA:59,26
DA:60,26
DA:61,26
DA:62,26
DA:63,26
DA:64,26
DA:84,3
DA:86,1
DA:87,1
DA:88,1
DA:90,1
DA:91,1
DA:92,1
DA:94,1
DA:95,1
DA:96,1
DA:102,328
DA:124,3
LF:30
LH:30
BRDA:45,0,0,22
BRDA:45,0,1,4
BRDA:45,1,0,26
BRDA:45,1,1,18
BRDA:49,2,0,12
BRDA:49,2,1,14
BRDA:66,3,0,26
BRDA:66,3,1,12
BRDA:70,4,0,12
BRDA:70,4,1,8
BRDA:71,5,0,12
BRDA:71,5,1,8
BRDA:72,6,0,12
BRDA:72,6,1,8
BRDA:73,7,0,12
BRDA:73,7,1,8
BRDA:74,8,0,4
BRDA:74,8,1,8
BRDA:75,9,0,12
BRDA:75,9,1,8
BRDA:76,10,0,12
BRDA:76,10,1,8
BRDA:77,11,0,12
BRDA:77,11,1,8
BRDA:78,12,0,12
BRDA:78,12,1,8
BRDA:79,13,0,12
BRDA:79,13,1,8
BRDA:80,14,0,12
BRDA:80,14,1,8
BRDA:81,15,0,12
BRDA:81,15,1,8
BRDA:84,16,0,1
BRDA:84,16,1,1
BRDA:84,16,2,1
BRDA:109,17,0,328
BRDA:109,17,1,4
BRDA:112,18,0,328
BRDA:112,18,1,324
BRDA:126,19,0,156
BRDA:126,19,1,168
BRDA:138,20,0,328
BRDA:138,20,1,4
BRF:43
BRH:43
end_of_record
TN:
SF:src\components\Modal\components\CheckboxSelect\CheckboxSelect.tsx
FN:16,(anonymous_0)
FN:34,(anonymous_1)
FN:40,(anonymous_2)
FN:42,(anonymous_3)
FN:50,(anonymous_4)
FNF:5
FNH:5
FNDA:239,(anonymous_0)
FNDA:9,(anonymous_1)
FNDA:148,(anonymous_2)
FNDA:740,(anonymous_3)
FNDA:3,(anonymous_4)
DA:16,1
DA:25,239
DA:34,9
DA:41,148
DA:43,740
DA:51,3
DA:53,1
DA:54,1
LF:8
LH:8
BRDA:37,0,0,239
BRDA:37,0,1,148
BRDA:51,1,0,2
BRDA:51,1,1,1
BRF:4
BRH:4
end_of_record
TN:
SF:src\components\Modal\components\CheckboxSelect\index.ts
FNF:0
FNH:0
LF:0
LH:0
BRF:0
BRH:0
end_of_record
TN:
SF:src\components\Modal\components\FormInputField\FormInputField.tsx
FN:13,(anonymous_0)
FNF:1
FNH:1
FNDA:2394,(anonymous_0)
DA:13,1
DA:14,2394
DA:15,2394
LF:3
LH:3
BRDA:21,0,0,2394
BRDA:21,0,1,956
BRDA:28,1,0,246
BRDA:28,1,1,2148
BRDA:28,2,0,2394
BRDA:28,2,1,1431
BRF:6
BRH:6
end_of_record
TN:
SF:src\components\Modal\components\FormInputField\index.ts
FNF:0
FNH:0
LF:0
LH:0
BRF:0
BRH:0
end_of_record
TN:
SF:src\components\NotFound\NotFound.tsx
FN:6,(anonymous_0)
FNF:1
FNH:1
FNDA:1,(anonymous_0)
DA:6,1
DA:7,1
LF:2
LH:2
BRF:0
BRH:0
end_of_record
TN:
SF:src\components\Poster\Poster.tsx
FN:10,(anonymous_0)
FN:16,(anonymous_1)
FN:24,(anonymous_2)
FNF:3
FNH:3
FNDA:4,(anonymous_0)
FNDA:3,(anonymous_1)
FNDA:1,(anonymous_2)
DA:3,2
DA:10,2
DA:14,4
DA:16,4
DA:17,3
DA:20,4
DA:24,1
LF:7
LH:7
BRF:0
BRH:0
end_of_record
TN:
SF:src\components\Poster\index.ts
FNF:0
FNH:0
LF:0
LH:0
BRF:0
BRH:0
end_of_record
TN:
SF:src\redux\configureStore.ts
FN:7,(anonymous_0)
FNF:1
FNH:1
FNDA:10,(anonymous_0)
DA:7,1
DA:8,10
DA:10,10
DA:15,10
DA:17,10
LF:5
LH:5
BRF:0
BRH:0
end_of_record
TN:
SF:src\redux\actions\index.ts
FN:4,(anonymous_0)
FN:8,(anonymous_1)
FN:13,(anonymous_2)
FN:18,(anonymous_3)
FN:23,(anonymous_4)
FN:28,(anonymous_5)
FN:33,(anonymous_6)
FN:38,(anonymous_7)
FN:43,(anonymous_8)
FN:49,(anonymous_9)
FN:54,(anonymous_10)
FN:59,(anonymous_11)
FN:64,(anonymous_12)
FNF:13
FNH:13
FNDA:1,(anonymous_0)
FNDA:5,(anonymous_1)
FNDA:2,(anonymous_2)
FNDA:1,(anonymous_3)
FNDA:1,(anonymous_4)
FNDA:1,(anonymous_5)
FNDA:1,(anonymous_6)
FNDA:1,(anonymous_7)
FNDA:2,(anonymous_8)
FNDA:2,(anonymous_9)
FNDA:2,(anonymous_10)
FNDA:10,(anonymous_11)
FNDA:5,(anonymous_12)
DA:4,3
DA:8,5
DA:13,3
DA:18,3
DA:23,3
DA:28,3
DA:33,3
DA:38,3
DA:43,3
DA:49,3
DA:54,3
DA:59,10
DA:64,5
LF:13
LH:13
BRF:0
BRH:0
end_of_record
TN:
SF:src\redux\actions\types.ts
FNF:0
FNH:0
DA:1,4
DA:2,4
DA:3,4
DA:4,4
DA:5,4
DA:6,4
DA:7,4
DA:8,4
DA:9,4
DA:10,4
DA:11,4
DA:12,4
DA:13,4
LF:13
LH:13
BRF:0
BRH:0
end_of_record
TN:
SF:src\redux\reducers\index.ts
FNF:0
FNH:0
DA:5,1
LF:1
LH:1
BRF:0
BRH:0
end_of_record
TN:
SF:src\redux\reducers\modalReducer.ts
FN:9,(anonymous_0)
FNF:1
FNH:1
FNDA:35,(anonymous_0)
DA:3,2
DA:9,2
DA:10,35
DA:12,10
DA:18,5
DA:24,20
LF:6
LH:6
BRDA:9,0,0,13
BRDA:10,1,0,10
BRDA:10,1,1,5
BRDA:10,1,2,20
BRF:4
BRH:4
end_of_record
TN:
SF:src\redux\reducers\moviesReducer.ts
FN:25,(anonymous_0)
FN:62,(anonymous_1)
FNF:2
FNH:2
FNDA:41,(anonymous_0)
FNDA:1,(anonymous_1)
DA:3,2
DA:25,2
DA:26,41
DA:28,1
DA:30,5
DA:37,1
DA:42,1
DA:44,1
DA:46,1
DA:54,2
DA:55,2
DA:56,1
DA:58,1
DA:59,1
DA:60,1
DA:62,1
DA:63,1
DA:65,2
DA:72,29
LF:19
LH:19
BRDA:25,0,0,13
BRDA:26,1,0,1
BRDA:26,1,1,5
BRDA:26,1,2,1
BRDA:26,1,3,1
BRDA:26,1,4,1
BRDA:26,1,5,1
BRDA:26,1,6,2
BRDA:26,1,7,29
BRDA:55,2,0,1
BRDA:55,2,1,1
BRF:11
BRH:11
end_of_record
TN:
SF:src\redux\sagas\index.ts
FN:6,rootSaga
FNF:1
FNH:1
FNDA:10,rootSaga
DA:7,10
LF:1
LH:1
BRF:0
BRH:0
end_of_record
TN:
SF:src\redux\sagas\loginSaga.ts
FN:3,loginSaga
FN:5,watchLogin
FN:9,root
FNF:3
FNH:2
FNDA:0,loginSaga
FNDA:10,watchLogin
FNDA:10,root
DA:6,10
DA:10,10
LF:2
LH:2
BRF:0
BRH:0
end_of_record
TN:
SF:src\redux\sagas\moviesSaga.ts
FN:7,getMoviesSaga
FN:9,(anonymous_1)
FN:10,(anonymous_2)
FN:11,(anonymous_3)
FN:14,(anonymous_4)
FN:15,(anonymous_5)
FN:24,getMovieByIdSaga
FN:34,createMovieSaga
FN:45,updateMovieSaga
FN:55,deleteMovieSaga
FN:65,watchGetMovies
FN:69,watchGetMovieById
FN:73,watchCreateMovie
FN:77,watchUpdateMovie
FN:81,watchDeleteMovie
FN:85,root
FNF:16
FNH:14
FNDA:3,getMoviesSaga
FNDA:3,(anonymous_1)
FNDA:3,(anonymous_2)
FNDA:3,(anonymous_3)
FNDA:18,(anonymous_4)
FNDA:0,(anonymous_5)
FNDA:0,getMovieByIdSaga
FNDA:1,createMovieSaga
FNDA:1,updateMovieSaga
FNDA:1,deleteMovieSaga
FNDA:10,watchGetMovies
FNDA:10,watchGetMovieById
FNDA:10,watchCreateMovie
FNDA:10,watchUpdateMovie
FNDA:10,watchDeleteMovie
FNDA:10,root
DA:8,3
DA:9,3
DA:10,3
DA:11,3
DA:12,3
DA:14,18
DA:15,0
DA:17,3
DA:18,0
DA:20,3
DA:25,0
DA:26,0
DA:27,0
DA:28,0
DA:30,0
DA:35,1
DA:36,1
DA:37,1
DA:38,1
DA:39,1
DA:41,0
DA:46,1
DA:47,1
DA:48,1
DA:49,1
DA:51,0
DA:56,1
DA:57,1
DA:58,1
DA:59,1
DA:61,0
DA:66,10
DA:70,10
DA:74,10
DA:78,10
DA:82,10
DA:86,10
LF:37
LH:27
BRF:0
BRH:0
end_of_record
